0 info it worked if it ends with ok
1 verbose cli [ 'C:\\Program Files\\nodejs\\\\node.exe',
1 verbose cli   'C:\\Program Files\\nodejs\\node_modules\\npm\\bin\\npm-cli.js',
1 verbose cli   'install' ]
2 info using npm@1.4.28
3 info using node@v0.10.33
4 verbose node symlink C:\Program Files\nodejs\\node.exe
5 verbose readDependencies using package.json deps
6 verbose install where, deps [ 'C:\\Users\\nguym092\\Documents\\GitHub\\BaseUserService',
6 verbose install   [ 'express-io', 'body-parser', 'cookie' ] ]
7 info preinstall user-service@0.0.1
8 verbose readDependencies using package.json deps
9 verbose cache add [ 'express-io@*', null ]
10 verbose cache add name=undefined spec="express-io@*" args=["express-io@*",null]
11 verbose parsed url { protocol: null,
11 verbose parsed url   slashes: null,
11 verbose parsed url   auth: null,
11 verbose parsed url   host: null,
11 verbose parsed url   port: null,
11 verbose parsed url   hostname: null,
11 verbose parsed url   hash: null,
11 verbose parsed url   search: null,
11 verbose parsed url   query: null,
11 verbose parsed url   pathname: 'express-io@*',
11 verbose parsed url   path: 'express-io@*',
11 verbose parsed url   href: 'express-io@*' }
12 verbose cache add [ 'body-parser@*', null ]
13 verbose cache add name=undefined spec="body-parser@*" args=["body-parser@*",null]
14 verbose parsed url { protocol: null,
14 verbose parsed url   slashes: null,
14 verbose parsed url   auth: null,
14 verbose parsed url   host: null,
14 verbose parsed url   port: null,
14 verbose parsed url   hostname: null,
14 verbose parsed url   hash: null,
14 verbose parsed url   search: null,
14 verbose parsed url   query: null,
14 verbose parsed url   pathname: 'body-parser@*',
14 verbose parsed url   path: 'body-parser@*',
14 verbose parsed url   href: 'body-parser@*' }
15 verbose cache add [ 'cookie@*', null ]
16 verbose cache add name=undefined spec="cookie@*" args=["cookie@*",null]
17 verbose parsed url { protocol: null,
17 verbose parsed url   slashes: null,
17 verbose parsed url   auth: null,
17 verbose parsed url   host: null,
17 verbose parsed url   port: null,
17 verbose parsed url   hostname: null,
17 verbose parsed url   hash: null,
17 verbose parsed url   search: null,
17 verbose parsed url   query: null,
17 verbose parsed url   pathname: 'cookie@*',
17 verbose parsed url   path: 'cookie@*',
17 verbose parsed url   href: 'cookie@*' }
18 verbose cache add name="express-io" spec="*" args=["express-io","*"]
19 verbose parsed url { protocol: null,
19 verbose parsed url   slashes: null,
19 verbose parsed url   auth: null,
19 verbose parsed url   host: null,
19 verbose parsed url   port: null,
19 verbose parsed url   hostname: null,
19 verbose parsed url   hash: null,
19 verbose parsed url   search: null,
19 verbose parsed url   query: null,
19 verbose parsed url   pathname: '*',
19 verbose parsed url   path: '*',
19 verbose parsed url   href: '*' }
20 verbose addNamed [ 'express-io', '*' ]
21 verbose addNamed [ null, '*' ]
22 verbose cache add name="body-parser" spec="*" args=["body-parser","*"]
23 verbose parsed url { protocol: null,
23 verbose parsed url   slashes: null,
23 verbose parsed url   auth: null,
23 verbose parsed url   host: null,
23 verbose parsed url   port: null,
23 verbose parsed url   hostname: null,
23 verbose parsed url   hash: null,
23 verbose parsed url   search: null,
23 verbose parsed url   query: null,
23 verbose parsed url   pathname: '*',
23 verbose parsed url   path: '*',
23 verbose parsed url   href: '*' }
24 verbose addNamed [ 'body-parser', '*' ]
25 verbose addNamed [ null, '*' ]
26 verbose cache add name="cookie" spec="*" args=["cookie","*"]
27 verbose parsed url { protocol: null,
27 verbose parsed url   slashes: null,
27 verbose parsed url   auth: null,
27 verbose parsed url   host: null,
27 verbose parsed url   port: null,
27 verbose parsed url   hostname: null,
27 verbose parsed url   hash: null,
27 verbose parsed url   search: null,
27 verbose parsed url   query: null,
27 verbose parsed url   pathname: '*',
27 verbose parsed url   path: '*',
27 verbose parsed url   href: '*' }
28 verbose addNamed [ 'cookie', '*' ]
29 verbose addNamed [ null, '*' ]
30 silly lockFile dcef0112-express-io express-io@*
31 verbose lock express-io@* C:\Users\nguym092\AppData\Roaming\npm-cache\dcef0112-express-io.lock
32 silly lockFile 12b67fc9-body-parser body-parser@*
33 verbose lock body-parser@* C:\Users\nguym092\AppData\Roaming\npm-cache\12b67fc9-body-parser.lock
34 silly lockFile fd97cde7-cookie cookie@*
35 verbose lock cookie@* C:\Users\nguym092\AppData\Roaming\npm-cache\fd97cde7-cookie.lock
36 silly addNameRange { name: 'cookie', range: '*', hasData: false }
37 silly addNameRange { name: 'express-io', range: '*', hasData: false }
38 verbose request where is /cookie
39 verbose request registry https://registry.npmjs.org/
40 verbose request id 2714bce529b8dac8
41 verbose url raw /cookie
42 verbose url resolving [ 'https://registry.npmjs.org/', './cookie' ]
43 verbose url resolved https://registry.npmjs.org/cookie
44 verbose request where is https://registry.npmjs.org/cookie
45 info trying registry request attempt 1 at 09:26:02
46 http GET https://registry.npmjs.org/cookie
47 verbose request where is /express-io
48 verbose request registry https://registry.npmjs.org/
49 verbose url raw /express-io
50 verbose url resolving [ 'https://registry.npmjs.org/', './express-io' ]
51 verbose url resolved https://registry.npmjs.org/express-io
52 verbose request where is https://registry.npmjs.org/express-io
53 info trying registry request attempt 1 at 09:26:02
54 http GET https://registry.npmjs.org/express-io
55 silly addNameRange { name: 'body-parser', range: '*', hasData: false }
56 verbose request where is /body-parser
57 verbose request registry https://registry.npmjs.org/
58 verbose url raw /body-parser
59 verbose url resolving [ 'https://registry.npmjs.org/', './body-parser' ]
60 verbose url resolved https://registry.npmjs.org/body-parser
61 verbose request where is https://registry.npmjs.org/body-parser
62 info trying registry request attempt 1 at 09:26:02
63 http GET https://registry.npmjs.org/body-parser
64 http 200 https://registry.npmjs.org/cookie
65 silly registry.get cb [ 200,
65 silly registry.get   { date: 'Fri, 31 Oct 2014 16:26:03 GMT',
65 silly registry.get     server: 'CouchDB/1.5.0 (Erlang OTP/R16B03)',
65 silly registry.get     etag: '"BWF1Q0JU7AW0X7MCRVUS0GP0H"',
65 silly registry.get     'content-type': 'application/json',
65 silly registry.get     'cache-control': 'max-age=60',
65 silly registry.get     'content-length': '10367',
65 silly registry.get     'accept-ranges': 'bytes',
65 silly registry.get     via: '1.1 varnish',
65 silly registry.get     age: '46',
65 silly registry.get     'x-served-by': 'cache-jfk1020-JFK',
65 silly registry.get     'x-cache': 'HIT',
65 silly registry.get     'x-cache-hits': '370',
65 silly registry.get     'x-timer': 'S1414772763.113156,VS0,VE0',
65 silly registry.get     vary: 'Accept',
65 silly registry.get     'keep-alive': 'timeout=10, max=50',
65 silly registry.get     connection: 'Keep-Alive' } ]
66 silly addNameRange number 2 { name: 'cookie', range: '*', hasData: true }
67 silly addNameRange versions [ 'cookie',
67 silly addNameRange   [ '0.0.0',
67 silly addNameRange     '0.0.1',
67 silly addNameRange     '0.0.2',
67 silly addNameRange     '0.0.3',
67 silly addNameRange     '0.0.4',
67 silly addNameRange     '0.0.5',
67 silly addNameRange     '0.0.6',
67 silly addNameRange     '0.1.0',
67 silly addNameRange     '0.1.1',
67 silly addNameRange     '0.1.2' ] ]
68 verbose addNamed [ 'cookie', '0.1.2' ]
69 verbose addNamed [ '0.1.2', '0.1.2' ]
70 silly lockFile ccf606cf-cookie-0-1-2 cookie@0.1.2
71 verbose lock cookie@0.1.2 C:\Users\nguym092\AppData\Roaming\npm-cache\ccf606cf-cookie-0-1-2.lock
72 silly lockFile 67a05db0-pmjs-org-cookie-cookie-0-1-2-tgz https://registry.npmjs.org/cookie/-/cookie-0.1.2.tgz
73 verbose lock https://registry.npmjs.org/cookie/-/cookie-0.1.2.tgz C:\Users\nguym092\AppData\Roaming\npm-cache\67a05db0-pmjs-org-cookie-cookie-0-1-2-tgz.lock
74 verbose addRemoteTarball [ 'https://registry.npmjs.org/cookie/-/cookie-0.1.2.tgz',
74 verbose addRemoteTarball   '72fec3d24e48a3432073d90c12642005061004b1' ]
75 info retry fetch attempt 1 at 09:26:03
76 verbose fetch to= C:\Users\nguym092\AppData\Local\Temp\npm-9392-ZAaBQar_\registry.npmjs.org\cookie\-\cookie-0.1.2.tgz
77 http GET https://registry.npmjs.org/cookie/-/cookie-0.1.2.tgz
78 http 404 https://registry.npmjs.org/express-io
79 verbose headers { date: 'Fri, 31 Oct 2014 16:26:03 GMT',
79 verbose headers   server: 'CouchDB/1.5.0 (Erlang OTP/R14B04)',
79 verbose headers   'content-type': 'application/json',
79 verbose headers   'cache-control': 'max-age=0',
79 verbose headers   'content-length': '52',
79 verbose headers   'accept-ranges': 'bytes',
79 verbose headers   via: '1.1 varnish',
79 verbose headers   age: '0',
79 verbose headers   'x-served-by': 'cache-jfk1031-JFK',
79 verbose headers   'x-cache': 'MISS',
79 verbose headers   'x-cache-hits': '0',
79 verbose headers   'x-timer': 'S1414772763.118706,VS0,VE40',
79 verbose headers   'keep-alive': 'timeout=10, max=50',
79 verbose headers   connection: 'Keep-Alive' }
80 silly registry.get cb [ 404,
80 silly registry.get   { date: 'Fri, 31 Oct 2014 16:26:03 GMT',
80 silly registry.get     server: 'CouchDB/1.5.0 (Erlang OTP/R14B04)',
80 silly registry.get     'content-type': 'application/json',
80 silly registry.get     'cache-control': 'max-age=0',
80 silly registry.get     'content-length': '52',
80 silly registry.get     'accept-ranges': 'bytes',
80 silly registry.get     via: '1.1 varnish',
80 silly registry.get     age: '0',
80 silly registry.get     'x-served-by': 'cache-jfk1031-JFK',
80 silly registry.get     'x-cache': 'MISS',
80 silly registry.get     'x-cache-hits': '0',
80 silly registry.get     'x-timer': 'S1414772763.118706,VS0,VE40',
80 silly registry.get     'keep-alive': 'timeout=10, max=50',
80 silly registry.get     connection: 'Keep-Alive' } ]
81 silly lockFile dcef0112-express-io express-io@*
82 silly lockFile dcef0112-express-io express-io@*
83 http 200 https://registry.npmjs.org/body-parser
84 silly registry.get cb [ 200,
84 silly registry.get   { date: 'Fri, 31 Oct 2014 16:26:03 GMT',
84 silly registry.get     server: 'CouchDB/1.5.0 (Erlang OTP/R16B03)',
84 silly registry.get     etag: '"8N8TB9DH42SNVBLQ4I625KHI9"',
84 silly registry.get     'content-type': 'application/json',
84 silly registry.get     'cache-control': 'max-age=60',
84 silly registry.get     'content-length': '71546',
84 silly registry.get     'accept-ranges': 'bytes',
84 silly registry.get     via: '1.1 varnish',
84 silly registry.get     age: '48',
84 silly registry.get     'x-served-by': 'cache-jfk1023-JFK',
84 silly registry.get     'x-cache': 'HIT',
84 silly registry.get     'x-cache-hits': '2',
84 silly registry.get     'x-timer': 'S1414772763.111605,VS0,VE0',
84 silly registry.get     vary: 'Accept',
84 silly registry.get     'keep-alive': 'timeout=10, max=50',
84 silly registry.get     connection: 'Keep-Alive' } ]
85 silly addNameRange number 2 { name: 'body-parser', range: '*', hasData: true }
86 silly addNameRange versions [ 'body-parser',
86 silly addNameRange   [ '1.0.0',
86 silly addNameRange     '1.0.1',
86 silly addNameRange     '1.0.2',
86 silly addNameRange     '1.1.0',
86 silly addNameRange     '1.1.1',
86 silly addNameRange     '1.1.2',
86 silly addNameRange     '1.2.0',
86 silly addNameRange     '1.2.1',
86 silly addNameRange     '1.2.2',
86 silly addNameRange     '1.3.0',
86 silly addNameRange     '1.3.1',
86 silly addNameRange     '1.4.0',
86 silly addNameRange     '1.4.1',
86 silly addNameRange     '1.4.2',
86 silly addNameRange     '1.4.3',
86 silly addNameRange     '1.5.0',
86 silly addNameRange     '1.5.1',
86 silly addNameRange     '1.5.2',
86 silly addNameRange     '1.6.0',
86 silly addNameRange     '1.6.1',
86 silly addNameRange     '1.6.2',
86 silly addNameRange     '1.6.3',
86 silly addNameRange     '1.6.4',
86 silly addNameRange     '1.6.5',
86 silly addNameRange     '1.6.6',
86 silly addNameRange     '1.6.7',
86 silly addNameRange     '1.7.0',
86 silly addNameRange     '1.8.0',
86 silly addNameRange     '1.8.1',
86 silly addNameRange     '1.8.2',
86 silly addNameRange     '1.8.3',
86 silly addNameRange     '1.8.4',
86 silly addNameRange     '1.9.0',
86 silly addNameRange     '1.9.1',
86 silly addNameRange     '1.9.2' ] ]
87 verbose addNamed [ 'body-parser', '1.9.2' ]
88 verbose addNamed [ '1.9.2', '1.9.2' ]
89 silly lockFile 4669738b-body-parser-1-9-2 body-parser@1.9.2
90 verbose lock body-parser@1.9.2 C:\Users\nguym092\AppData\Roaming\npm-cache\4669738b-body-parser-1-9-2.lock
91 silly lockFile a9656366-ody-parser-body-parser-1-9-2-tgz https://registry.npmjs.org/body-parser/-/body-parser-1.9.2.tgz
92 verbose lock https://registry.npmjs.org/body-parser/-/body-parser-1.9.2.tgz C:\Users\nguym092\AppData\Roaming\npm-cache\a9656366-ody-parser-body-parser-1-9-2-tgz.lock
93 verbose addRemoteTarball [ 'https://registry.npmjs.org/body-parser/-/body-parser-1.9.2.tgz',
93 verbose addRemoteTarball   '07f52cf104939118bedcba689002017271ef3c0e' ]
94 info retry fetch attempt 1 at 09:26:03
95 verbose fetch to= C:\Users\nguym092\AppData\Local\Temp\npm-9392-ZAaBQar_\registry.npmjs.org\body-parser\-\body-parser-1.9.2.tgz
96 http GET https://registry.npmjs.org/body-parser/-/body-parser-1.9.2.tgz
97 http 200 https://registry.npmjs.org/cookie/-/cookie-0.1.2.tgz
98 silly lockFile 67a05db0-pmjs-org-cookie-cookie-0-1-2-tgz https://registry.npmjs.org/cookie/-/cookie-0.1.2.tgz
99 silly lockFile 67a05db0-pmjs-org-cookie-cookie-0-1-2-tgz https://registry.npmjs.org/cookie/-/cookie-0.1.2.tgz
100 silly lockFile ccf606cf-cookie-0-1-2 cookie@0.1.2
101 silly lockFile ccf606cf-cookie-0-1-2 cookie@0.1.2
102 silly lockFile fd97cde7-cookie cookie@*
103 silly lockFile fd97cde7-cookie cookie@*
104 http 200 https://registry.npmjs.org/body-parser/-/body-parser-1.9.2.tgz
105 silly lockFile a9656366-ody-parser-body-parser-1-9-2-tgz https://registry.npmjs.org/body-parser/-/body-parser-1.9.2.tgz
106 silly lockFile a9656366-ody-parser-body-parser-1-9-2-tgz https://registry.npmjs.org/body-parser/-/body-parser-1.9.2.tgz
107 silly lockFile 4669738b-body-parser-1-9-2 body-parser@1.9.2
108 silly lockFile 4669738b-body-parser-1-9-2 body-parser@1.9.2
109 silly lockFile 12b67fc9-body-parser body-parser@*
110 silly lockFile 12b67fc9-body-parser body-parser@*
111 error 404 404 Not Found: express-io
111 error 404
111 error 404 'express-io' is not in the npm registry.
111 error 404 You should bug the author to publish it
111 error 404 It was specified as a dependency of 'user-service'
111 error 404
111 error 404 Note that you can also install from a
111 error 404 tarball, folder, or http url, or git url.
112 error System Windows_NT 6.1.7601
113 error command "C:\\Program Files\\nodejs\\\\node.exe" "C:\\Program Files\\nodejs\\node_modules\\npm\\bin\\npm-cli.js" "install"
114 error cwd C:\Users\nguym092\Documents\GitHub\BaseUserService
115 error node -v v0.10.33
116 error npm -v 1.4.28
117 error code E404
118 verbose exit [ 1, true ]
